Log file open, 02/23/22 11:48:04
LogWindows: Failed to load 'aqProf.dll' (GetLastError=126)
LogWindows: File 'aqProf.dll' does not exist
LogWindows: Failed to load 'VtuneApi.dll' (GetLastError=126)
LogWindows: File 'VtuneApi.dll' does not exist
LogWindows: Failed to load 'VtuneApi32e.dll' (GetLastError=126)
LogWindows: File 'VtuneApi32e.dll' does not exist
LogConsoleResponse: Display: Failed to find resolution value strings in scalability ini. Falling back to default.
LogConsoleResponse: Display: Failed to find resolution value strings in scalability ini. Falling back to default.
LogInit: Display: Running engine for game: Assignment1
LogPlatformFile: Not using cached read wrapper
LogTaskGraph: Started task graph with 5 named threads and 35 total threads with 3 sets of task threads.
LogStats: Stats thread started at 2.176240
LogICUInternationalization: ICU TimeZone Detection - Raw Offset: +2:00, Platform Override: ''
LogInit: Display: Loading text-based GConfig....
LogPluginManager: Mounting plugin MeshPainting
LogPluginManager: Mounting plugin XGEController
LogPluginManager: Mounting plugin EnvironmentQueryEditor
LogPluginManager: Mounting plugin CameraShakePreviewer
LogPluginManager: Mounting plugin GameplayCameras
LogPluginManager: Mounting plugin AnimationSharing
LogPluginManager: Mounting plugin CLionSourceCodeAccess
LogPluginManager: Mounting plugin CodeLiteSourceCodeAccess
LogPluginManager: Mounting plugin GitSourceControl
LogPluginManager: Mounting plugin KDevelopSourceCodeAccess
LogPluginManager: Mounting plugin Paper2D
LogPluginManager: Mounting plugin NullSourceCodeAccess
LogPluginManager: Mounting plugin PixWinPlugin
LogPluginManager: Mounting plugin PluginUtils
LogPluginManager: Mounting plugin PlasticSourceControl
LogPluginManager: Mounting plugin TextureFormatOodle
LogPluginManager: Mounting plugin PropertyAccessNode
LogPluginManager: Mounting plugin PerforceSourceControl
LogPluginManager: Mounting plugin SubversionSourceControl
LogPluginManager: Mounting plugin VisualStudioSourceCodeAccess
LogPluginManager: Mounting plugin XCodeSourceCodeAccess
LogPluginManager: Mounting plugin DatasmithContent
LogPluginManager: Mounting plugin VisualStudioCodeSourceCodeAccess
LogPluginManager: Mounting plugin UObjectPlugin
LogPluginManager: Mounting plugin AssetManagerEditor
LogPluginManager: Mounting plugin VariantManagerContent
LogPluginManager: Mounting plugin CryptoKeys
LogPluginManager: Mounting plugin CurveEditorTools
LogPluginManager: Mounting plugin AlembicImporter
LogPluginManager: Mounting plugin DataValidation
LogPluginManager: Mounting plugin FacialAnimation
LogPluginManager: Mounting plugin AutomationUtils
LogPluginManager: Mounting plugin GameplayTagsEditor
LogPluginManager: Mounting plugin GeometryMode
LogPluginManager: Mounting plugin RiderSourceCodeAccess
LogPluginManager: Mounting plugin MagicLeap
LogPluginManager: Mounting plugin LuminPlatformFeatures
LogPluginManager: Mounting plugin MacGraphicsSwitching
LogPluginManager: Mounting plugin MaterialAnalyzer
LogPluginManager: Mounting plugin BackChannel
LogPluginManager: Mounting plugin MobileLauncherProfileWizard
LogPluginManager: Mounting plugin ChaosEditor
LogPluginManager: Mounting plugin ChaosNiagara
LogPluginManager: Mounting plugin ChaosClothEditor
LogPluginManager: Mounting plugin PluginBrowser
LogPluginManager: Mounting plugin AndroidMedia
LogPluginManager: Mounting plugin ChaosSolverPlugin
LogPluginManager: Mounting plugin CharacterAI
LogPluginManager: Mounting plugin AvfMedia
LogPluginManager: Mounting plugin AISupport
LogPluginManager: Mounting plugin MagicLeapLightEstimation
LogPluginManager: Mounting plugin MagicLeapMedia
LogPluginManager: Mounting plugin SpeedTreeImporter
LogPluginManager: Mounting plugin ChaosCloth
LogPluginManager: Mounting plugin MagicLeapPassableWorld
LogPluginManager: Mounting plugin MediaCompositing
LogPluginManager: Mounting plugin ImgMedia
LogPluginManager: Mounting plugin MLSDK
LogPluginManager: Mounting plugin TcpMessaging
LogPluginManager: Mounting plugin UdpMessaging
LogPluginManager: Mounting plugin WebMMedia
LogPluginManager: Mounting plugin WmfMedia
LogPluginManager: Mounting plugin Niagara
LogPluginManager: Mounting plugin GeometryCache
LogPluginManager: Mounting plugin GeometryCollectionPlugin
LogPluginManager: Mounting plugin GeometryProcessing
LogPluginManager: Mounting plugin MotoSynth
LogPluginManager: Mounting plugin OpenImageDenoise
LogPluginManager: Mounting plugin PlanarCut
LogPluginManager: Mounting plugin PlatformCrypto
LogPluginManager: Mounting plugin ProxyLODPlugin
LogPluginManager: Mounting plugin SkeletalReduction
LogPluginManager: Mounting plugin ActorSequence
LogPluginManager: Mounting plugin LevelSequenceEditor
LogPluginManager: Mounting plugin MatineeToLevelSequence
LogPluginManager: Mounting plugin TemplateSequence
LogPluginManager: Mounting plugin LightPropagationVolume
LogPluginManager: Mounting plugin OnlineSubsystem
LogPluginManager: Mounting plugin OnlineSubsystemNull
LogPluginManager: Mounting plugin OnlineSubsystemUtils
LogPluginManager: Mounting plugin AndroidDeviceProfileSelector
LogPluginManager: Mounting plugin AndroidMoviePlayer
LogPluginManager: Mounting plugin MediaPlayerEditor
LogPluginManager: Mounting plugin AppleImageUtils
LogPluginManager: Mounting plugin AppleMoviePlayer
LogPluginManager: Mounting plugin AssetTags
LogPluginManager: Mounting plugin AudioCapture
LogPluginManager: Mounting plugin ArchVisCharacter
LogPluginManager: Mounting plugin CableComponent
LogPluginManager: Mounting plugin AudioSynesthesia
LogPluginManager: Mounting plugin ChunkDownloader
LogPluginManager: Mounting plugin EditableMesh
LogPluginManager: Mounting plugin PythonScriptPlugin
LogPluginManager: Mounting plugin ActorLayerUtilities
LogPluginManager: Mounting plugin ScreenshotTools
LogPluginManager: Mounting plugin GoogleCloudMessaging
LogPluginManager: Mounting plugin GooglePAD
LogPluginManager: Mounting plugin IOSDeviceProfileSelector
LogPluginManager: Mounting plugin LinuxDeviceProfileSelector
LogPluginManager: Mounting plugin LocationServicesBPLibrary
LogPluginManager: Mounting plugin MobilePatchingUtils
LogPluginManager: Mounting plugin OpenXR
LogPluginManager: Mounting plugin OpenXREyeTracker
LogPluginManager: Mounting plugin OpenXRHandTracking
LogPluginManager: Mounting plugin PhysXVehicles
LogPluginManager: Mounting plugin PostSplashScreen
LogPluginManager: Mounting plugin ProceduralMeshComponent
LogPluginManager: Mounting plugin PropertyAccessEditor
LogPluginManager: Mounting plugin RuntimePhysXCooking
LogPluginManager: Mounting plugin SoundFields
LogPluginManager: Mounting plugin SignificanceManager
LogPluginManager: Mounting plugin Synthesis
LogPluginManager: Mounting plugin LauncherChunkInstaller
LogPluginManager: Mounting plugin AndroidPermission
LogPluginManager: Mounting plugin Takes
LogPluginManager: Mounting plugin WebMMoviePlayer
LogPluginManager: Mounting plugin WindowsMoviePlayer
LogPluginManager: Mounting plugin LiveLink
LogPluginManager: Mounting plugin OodleData
LogPluginManager: Mounting plugin ExampleDeviceProfileSelector
LogPluginManager: Mounting plugin OodleNetwork
LogPluginManager: Mounting plugin CustomMeshComponent
LogPluginManager: Mounting plugin ContentBrowserAssetDataSource
LogPluginManager: Mounting plugin ContentBrowserFileDataSource
LogPluginManager: Mounting plugin ContentBrowserClassDataSource
LogPluginManager: Mounting plugin OnlineSubsystemGooglePlay
LogPluginManager: Mounting plugin OnlineSubsystemIOS
LogPluginManager: Mounting plugin OculusVR
LogPluginManager: Mounting plugin SteamVR
PixWinPlugin: PIX capture plugin failed to initialize! Check that the process is launched from PIX.
LogInit: Using libcurl 7.55.1-DEV
LogInit:  - built for x86_64-pc-win32
LogInit:  - supports SSL with OpenSSL/1.1.1
LogInit:  - supports HTTP deflate (compression) using libz 1.2.8
LogInit:  - other features:
LogInit:      CURL_VERSION_SSL
LogInit:      CURL_VERSION_LIBZ
LogInit:      CURL_VERSION_IPV6
LogInit:      CURL_VERSION_ASYNCHDNS
LogInit:      CURL_VERSION_LARGEFILE
LogInit:      CURL_VERSION_IDN
LogInit:  CurlRequestOptions (configurable via config and command line):
LogInit:  - bVerifyPeer = true  - Libcurl will verify peer certificate
LogInit:  - bUseHttpProxy = false  - Libcurl will NOT use HTTP proxy
LogInit:  - bDontReuseConnections = false  - Libcurl will reuse connections
LogInit:  - MaxHostConnections = 16  - Libcurl will limit the number of connections to a host
LogInit:  - LocalHostAddr = Default
LogInit:  - BufferSize = 65536
LogOnline: OSS: Creating online subsystem instance for: NULL
LogInit: WinSock: version 1.1 (2.2), MaxSocks=32767, MaxUdp=65467
LogOnline: OSS: TryLoadSubsystemAndSetDefault: Loaded subsystem for module [NULL]
LogOculusPluginWrapper: OculusPlugin initialized successfully
LogHMD: Failed initializing OVRPlugin 1.59.0
LogInit: Build: ++UE4+Release-4.27-CL-18319896
LogInit: Engine Version: 4.27.2-18319896+++UE4+Release-4.27
LogInit: Compatible Engine Version: 4.27.0-17155196+++UE4+Release-4.27
LogInit: Net CL: 17155196
LogInit: OS: Windows 10 (Release 2009) (), CPU: Intel(R) Core(TM) i7-10750H CPU @ 2.60GHz, GPU: Intel(R) UHD Graphics
LogInit: Compiled (64-bit): Nov 30 2021 07:12:08
LogInit: Compiled with Visual C++: 19.24.28315.00
LogInit: Build Configuration: Development
LogInit: Branch Name: ++UE4+Release-4.27
LogInit: Command Line: 
LogInit: Base Directory: C:/Program Files/Epic Games/UE_4.27/Engine/Binaries/Win64/
LogInit: Allocator: TBB
LogInit: Installed Engine Build: 1
LogDevObjectVersion: Number of dev versions registered: 29
LogDevObjectVersion:   Dev-Blueprints (B0D832E4-1F89-4F0D-ACCF-7EB736FD4AA2): 10
LogDevObjectVersion:   Dev-Build (E1C64328-A22C-4D53-A36C-8E866417BD8C): 0
LogDevObjectVersion:   Dev-Core (375EC13C-06E4-48FB-B500-84F0262A717E): 4
LogDevObjectVersion:   Dev-Editor (E4B068ED-F494-42E9-A231-DA0B2E46BB41): 40
LogDevObjectVersion:   Dev-Framework (CFFC743F-43B0-4480-9391-14DF171D2073): 37
LogDevObjectVersion:   Dev-Mobile (B02B49B5-BB20-44E9-A304-32B752E40360): 3
LogDevObjectVersion:   Dev-Networking (A4E4105C-59A1-49B5-A7C5-40C4547EDFEE): 0
LogDevObjectVersion:   Dev-Online (39C831C9-5AE6-47DC-9A44-9C173E1C8E7C): 0
LogDevObjectVersion:   Dev-Physics (78F01B33-EBEA-4F98-B9B4-84EACCB95AA2): 14
LogDevObjectVersion:   Dev-Platform (6631380F-2D4D-43E0-8009-CF276956A95A): 0
LogDevObjectVersion:   Dev-Rendering (12F88B9F-8875-4AFC-A67C-D90C383ABD29): 45
LogDevObjectVersion:   Dev-Sequencer (7B5AE74C-D270-4C10-A958-57980B212A5A): 13
LogDevObjectVersion:   Dev-VR (D7296918-1DD6-4BDD-9DE2-64A83CC13884): 3
LogDevObjectVersion:   Dev-LoadTimes (C2A15278-BFE7-4AFE-6C17-90FF531DF755): 1
LogDevObjectVersion:   Private-Geometry (6EACA3D4-40EC-4CC1-B786-8BED09428FC5): 3
LogDevObjectVersion:   Dev-AnimPhys (29E575DD-E0A3-4627-9D10-D276232CDCEA): 17
LogDevObjectVersion:   Dev-Anim (AF43A65D-7FD3-4947-9873-3E8ED9C1BB05): 15
LogDevObjectVersion:   Dev-ReflectionCapture (6B266CEC-1EC7-4B8F-A30B-E4D90942FC07): 1
LogDevObjectVersion:   Dev-Automation (0DF73D61-A23F-47EA-B727-89E90C41499A): 1
LogDevObjectVersion:   FortniteMain (601D1886-AC64-4F84-AA16-D3DE0DEAC7D6): 47
LogDevObjectVersion:   FortniteRelease (E7086368-6B23-4C58-8439-1B7016265E91): 1
LogDevObjectVersion:   Dev-Enterprise (9DFFBCD6-494F-0158-E221-12823C92A888): 10
LogDevObjectVersion:   Dev-Niagara (F2AED0AC-9AFE-416F-8664-AA7FFA26D6FC): 1
LogDevObjectVersion:   Dev-Destruction (174F1F0B-B4C6-45A5-B13F-2EE8D0FB917D): 10
LogDevObjectVersion:   Dev-Physics-Ext (35F94A83-E258-406C-A318-09F59610247C): 41
LogDevObjectVersion:   Dev-PhysicsMaterial-Chaos (B68FC16E-8B1B-42E2-B453-215C058844FE): 1
LogDevObjectVersion:   Dev-CineCamera (B2E18506-4273-CFC2-A54E-F4BB758BBA07): 1
LogDevObjectVersion:   Dev-VirtualProduction (64F58936-FD1B-42BA-BA96-7289D5D0FA4E): 1
LogDevObjectVersion:   Dev-MediaFramework (6F0ED827-A609-4895-9C91-998D90180EA4): 2
LogInit: Presizing for max 25165824 objects, including 0 objects not considered by GC, pre-allocating 0 bytes for permanent pool.
LogConfig: Applying CVar settings from Section [/Script/Engine.StreamingSettings] File [C:/Users/USER/OneDrive/Desktop/game dev/game-dev-repos/Assignment1/Saved/Config/Windows/Engine.ini]
LogConfig: Setting CVar [[s.MinBulkDataSizeForAsyncLoading:131072]]
LogConfig: Setting CVar [[s.AsyncLoadingThreadEnabled:0]]
LogConfig: Setting CVar [[s.EventDrivenLoaderEnabled:1]]
LogConfig: Setting CVar [[s.WarnIfTimeLimitExceeded:0]]
LogConfig: Setting CVar [[s.TimeLimitExceededMultiplier:1.5]]
LogConfig: Setting CVar [[s.TimeLimitExceededMinTime:0.005]]
LogConfig: Setting CVar [[s.UseBackgroundLevelStreaming:1]]
LogConfig: Setting CVar [[s.PriorityAsyncLoadingExtraTime:15.0]]
LogConfig: Setting CVar [[s.LevelStreamingActorsUpdateTimeLimit:5.0]]
LogConfig: Setting CVar [[s.PriorityLevelStreamingActorsUpdateExtraTime:5.0]]
LogConfig: Setting CVar [[s.LevelStreamingComponentsRegistrationGranularity:10]]
LogConfig: Setting CVar [[s.UnregisterComponentsTimeLimit:1.0]]
LogConfig: Setting CVar [[s.LevelStreamingComponentsUnregistrationGranularity:5]]
LogConfig: Setting CVar [[s.FlushStreamingOnExit:1]]
LogInit: Object subsystem initialized
LogConfig: Setting CVar [[con.DebugEarlyDefault:1]]
LogConfig: Setting CVar [[r.setres:1280x720]]
[2022.02.23-09.48.08:255][  0]LogConfig: Setting CVar [[r.VSync:0]]
[2022.02.23-09.48.08:255][  0]LogConfig: Setting CVar [[r.RHICmdBypass:0]]
[2022.02.23-09.48.08:255][  0]LogConfig: Applying CVar settings from Section [/Script/Engine.RendererSettings] File [C:/Users/USER/OneDrive/Desktop/game dev/game-dev-repos/Assignment1/Saved/Config/Windows/Engine.ini]
[2022.02.23-09.48.08:255][  0]LogConfig: Setting CVar [[r.GPUCrashDebugging:0]]
[2022.02.23-09.48.08:255][  0]LogConfig: Applying CVar settings from Section [/Script/Engine.RendererOverrideSettings] File [C:/Users/USER/OneDrive/Desktop/game dev/game-dev-repos/Assignment1/Saved/Config/Windows/Engine.ini]
[2022.02.23-09.48.08:255][  0]LogConfig: Applying CVar settings from Section [/Script/Engine.StreamingSettings] File [C:/Users/USER/OneDrive/Desktop/game dev/game-dev-repos/Assignment1/Saved/Config/Windows/Engine.ini]
[2022.02.23-09.48.08:255][  0]LogConfig: Setting CVar [[s.MinBulkDataSizeForAsyncLoading:131072]]
[2022.02.23-09.48.08:255][  0]LogConfig: Setting CVar [[s.AsyncLoadingThreadEnabled:0]]
[2022.02.23-09.48.08:255][  0]LogConfig: Setting CVar [[s.EventDrivenLoaderEnabled:1]]
[2022.02.23-09.48.08:255][  0]LogConfig: Setting CVar [[s.WarnIfTimeLimitExceeded:0]]
[2022.02.23-09.48.08:256][  0]LogConfig: Setting CVar [[s.TimeLimitExceededMultiplier:1.5]]
[2022.02.23-09.48.08:256][  0]LogConfig: Setting CVar [[s.TimeLimitExceededMinTime:0.005]]
[2022.02.23-09.48.08:256][  0]LogConfig: Setting CVar [[s.UseBackgroundLevelStreaming:1]]
[2022.02.23-09.48.08:256][  0]LogConfig: Setting CVar [[s.PriorityAsyncLoadingExtraTime:15.0]]
[2022.02.23-09.48.08:256][  0]LogConfig: Setting CVar [[s.LevelStreamingActorsUpdateTimeLimit:5.0]]
[2022.02.23-09.48.08:256][  0]LogConfig: Setting CVar [[s.PriorityLevelStreamingActorsUpdateExtraTime:5.0]]
[2022.02.23-09.48.08:256][  0]LogConfig: Setting CVar [[s.LevelStreamingComponentsRegistrationGranularity:10]]
[2022.02.23-09.48.08:256][  0]LogConfig: Setting CVar [[s.UnregisterComponentsTimeLimit:1.0]]
[2022.02.23-09.48.08:256][  0]LogConfig: Setting CVar [[s.LevelStreamingComponentsUnregistrationGranularity:5]]
[2022.02.23-09.48.08:256][  0]LogConfig: Setting CVar [[s.FlushStreamingOnExit:1]]
[2022.02.23-09.48.08:256][  0]LogConfig: Applying CVar settings from Section [/Script/Engine.GarbageCollectionSettings] File [C:/Users/USER/OneDrive/Desktop/game dev/game-dev-repos/Assignment1/Saved/Config/Windows/Engine.ini]
[2022.02.23-09.48.08:256][  0]LogConfig: Setting CVar [[gc.MaxObjectsNotConsideredByGC:1]]
[2022.02.23-09.48.08:256][  0]LogConfig: Setting CVar [[gc.SizeOfPermanentObjectPool:0]]
[2022.02.23-09.48.08:256][  0]LogConfig: Setting CVar [[gc.FlushStreamingOnGC:0]]
[2022.02.23-09.48.08:257][  0]LogConfig: Setting CVar [[gc.NumRetriesBeforeForcingGC:10]]
[2022.02.23-09.48.08:257][  0]LogConfig: Setting CVar [[gc.AllowParallelGC:1]]
[2022.02.23-09.48.08:257][  0]LogConfig: Setting CVar [[gc.TimeBetweenPurgingPendingKillObjects:61.1]]
[2022.02.23-09.48.08:257][  0]LogConfig: Setting CVar [[gc.MaxObjectsInEditor:25165824]]
[2022.02.23-09.48.08:257][  0]LogConfig: Setting CVar [[gc.IncrementalBeginDestroyEnabled:1]]
[2022.02.23-09.48.08:257][  0]LogConfig: Setting CVar [[gc.CreateGCClusters:1]]
[2022.02.23-09.48.08:257][  0]LogConfig: Setting CVar [[gc.MinGCClusterSize:5]]
[2022.02.23-09.48.08:257][  0]LogConfig: Setting CVar [[gc.ActorClusteringEnabled:0]]
[2022.02.23-09.48.08:257][  0]LogConfig: Setting CVar [[gc.BlueprintClusteringEnabled:0]]
[2022.02.23-09.48.08:257][  0]LogConfig: Setting CVar [[gc.UseDisregardForGCOnDedicatedServers:0]]
[2022.02.23-09.48.08:257][  0]LogConfig: Setting CVar [[gc.MultithreadedDestructionEnabled:1]]
[2022.02.23-09.48.08:257][  0]LogConfig: Applying CVar settings from Section [/Script/Engine.NetworkSettings] File [C:/Users/USER/OneDrive/Desktop/game dev/game-dev-repos/Assignment1/Saved/Config/Windows/Engine.ini]
[2022.02.23-09.48.08:257][  0]LogConfig: Applying CVar settings from Section [/Script/UnrealEd.CookerSettings] File [C:/Users/USER/OneDrive/Desktop/game dev/game-dev-repos/Assignment1/Saved/Config/Windows/Engine.ini]
[2022.02.23-09.48.08:350][  0]LogConfig: Applying CVar settings from Section [ViewDistanceQuality@3] File [C:/Users/USER/OneDrive/Desktop/game dev/game-dev-repos/Assignment1/Saved/Config/Windows/Scalability.ini]
[2022.02.23-09.48.08:350][  0]LogConfig: Setting CVar [[r.SkeletalMeshLODBias:0]]
[2022.02.23-09.48.08:350][  0]LogConfig: Setting CVar [[r.ViewDistanceScale:1.0]]
[2022.02.23-09.48.08:350][  0]LogConfig: Applying CVar settings from Section [AntiAliasingQuality@3] File [C:/Users/USER/OneDrive/Desktop/game dev/game-dev-repos/Assignment1/Saved/Config/Windows/Scalability.ini]
[2022.02.23-09.48.08:351][  0]LogConfig: Setting CVar [[r.PostProcessAAQuality:4]]
[2022.02.23-09.48.08:351][  0]LogConfig: Applying CVar settings from Section [ShadowQuality@3] File [C:/Users/USER/OneDrive/Desktop/game dev/game-dev-repos/Assignment1/Saved/Config/Windows/Scalability.ini]
[2022.02.23-09.48.08:351][  0]LogConfig: Setting CVar [[r.LightFunctionQuality:1]]
[2022.02.23-09.48.08:351][  0]LogConfig: Setting CVar [[r.ShadowQuality:5]]
[2022.02.23-09.48.08:351][  0]LogConfig: Setting CVar [[r.Shadow.CSM.MaxCascades:10]]
[2022.02.23-09.48.08:351][  0]LogConfig: Setting CVar [[r.Shadow.MaxResolution:2048]]
[2022.02.23-09.48.08:351][  0]LogConfig: Setting CVar [[r.Shadow.MaxCSMResolution:2048]]
[2022.02.23-09.48.08:351][  0]LogConfig: Setting CVar [[r.Shadow.RadiusThreshold:0.01]]
[2022.02.23-09.48.08:351][  0]LogConfig: Setting CVar [[r.Shadow.DistanceScale:1.0]]
[2022.02.23-09.48.08:351][  0]LogConfig: Setting CVar [[r.Shadow.CSM.TransitionScale:1.0]]
[2022.02.23-09.48.08:351][  0]LogConfig: Setting CVar [[r.Shadow.PreShadowResolutionFactor:1.0]]
[2022.02.23-09.48.08:351][  0]LogConfig: Setting CVar [[r.DistanceFieldShadowing:1]]
[2022.02.23-09.48.08:351][  0]LogConfig: Setting CVar [[r.DistanceFieldAO:1]]
[2022.02.23-09.48.08:351][  0]LogConfig: Setting CVar [[r.AOQuality:2]]
[2022.02.23-09.48.08:351][  0]LogConfig: Setting CVar [[r.VolumetricFog:1]]
[2022.02.23-09.48.08:352][  0]LogConfig: Setting CVar [[r.VolumetricFog.GridPixelSize:8]]
[2022.02.23-09.48.08:352][  0]LogConfig: Setting CVar [[r.VolumetricFog.GridSizeZ:128]]
[2022.02.23-09.48.08:352][  0]LogConfig: Setting CVar [[r.VolumetricFog.HistoryMissSupersampleCount:4]]
[2022.02.23-09.48.08:352][  0]LogConfig: Setting CVar [[r.LightMaxDrawDistanceScale:1]]
[2022.02.23-09.48.08:352][  0]LogConfig: Setting CVar [[r.CapsuleShadows:1]]
[2022.02.23-09.48.08:352][  0]LogConfig: Applying CVar settings from Section [PostProcessQuality@3] File [C:/Users/USER/OneDrive/Desktop/game dev/game-dev-repos/Assignment1/Saved/Config/Windows/Scalability.ini]
[2022.02.23-09.48.08:352][  0]LogConfig: Setting CVar [[r.MotionBlurQuality:4]]
[2022.02.23-09.48.08:352][  0]LogConfig: Setting CVar [[r.AmbientOcclusionMipLevelFactor:0.4]]
[2022.02.23-09.48.08:352][  0]LogConfig: Setting CVar [[r.AmbientOcclusionMaxQuality:100]]
[2022.02.23-09.48.08:352][  0]LogConfig: Setting CVar [[r.AmbientOcclusionLevels:-1]]
[2022.02.23-09.48.08:352][  0]LogConfig: Setting CVar [[r.AmbientOcclusionRadiusScale:1.0]]
[2022.02.23-09.48.08:352][  0]LogConfig: Setting CVar [[r.DepthOfFieldQuality:2]]
[2022.02.23-09.48.08:352][  0]LogConfig: Setting CVar [[r.RenderTargetPoolMin:400]]
[2022.02.23-09.48.08:352][  0]LogConfig: Setting CVar [[r.LensFlareQuality:2]]
[2022.02.23-09.48.08:352][  0]LogConfig: Setting CVar [[r.SceneColorFringeQuality:1]]
[2022.02.23-09.48.08:353][  0]LogConfig: Setting CVar [[r.EyeAdaptationQuality:2]]
[2022.02.23-09.48.08:353][  0]LogConfig: Setting CVar [[r.BloomQuality:5]]
[2022.02.23-09.48.08:353][  0]LogConfig: Setting CVar [[r.FastBlurThreshold:100]]
[2022.02.23-09.48.08:353][  0]LogConfig: Setting CVar [[r.Upscale.Quality:3]]
[2022.02.23-09.48.08:353][  0]LogConfig: Setting CVar [[r.Tonemapper.GrainQuantization:1]]
[2022.02.23-09.48.08:353][  0]LogConfig: Setting CVar [[r.LightShaftQuality:1]]
[2022.02.23-09.48.08:353][  0]LogConfig: Setting CVar [[r.Filter.SizeScale:1]]
[2022.02.23-09.48.08:353][  0]LogConfig: Setting CVar [[r.Tonemapper.Quality:5]]
[2022.02.23-09.48.08:353][  0]LogConfig: Setting CVar [[r.DOF.Gather.AccumulatorQuality:1        ; higher gathering accumulator quality]]
[2022.02.23-09.48.08:353][  0]LogConfig: Setting CVar [[r.DOF.Gather.PostfilterMethod:1          ; Median3x3 postfilering method]]
[2022.02.23-09.48.08:353][  0]LogConfig: Setting CVar [[r.DOF.Gather.EnableBokehSettings:0       ; no bokeh simulation when gathering]]
[2022.02.23-09.48.08:353][  0]LogConfig: Setting CVar [[r.DOF.Gather.RingCount:4                 ; medium number of samples when gathering]]
[2022.02.23-09.48.08:353][  0]LogConfig: Setting CVar [[r.DOF.Scatter.ForegroundCompositing:1    ; additive foreground scattering]]
[2022.02.23-09.48.08:353][  0]LogConfig: Setting CVar [[r.DOF.Scatter.BackgroundCompositing:2    ; additive background scattering]]
[2022.02.23-09.48.08:353][  0]LogConfig: Setting CVar [[r.DOF.Scatter.EnableBokehSettings:1      ; bokeh simulation when scattering]]
[2022.02.23-09.48.08:354][  0]LogConfig: Setting CVar [[r.DOF.Scatter.MaxSpriteRatio:0.1         ; only a maximum of 10% of scattered bokeh]]
[2022.02.23-09.48.08:354][  0]LogConfig: Setting CVar [[r.DOF.Recombine.Quality:1                ; cheap slight out of focus]]
[2022.02.23-09.48.08:354][  0]LogConfig: Setting CVar [[r.DOF.Recombine.EnableBokehSettings:0    ; no bokeh simulation on slight out of focus]]
[2022.02.23-09.48.08:354][  0]LogConfig: Setting CVar [[r.DOF.TemporalAAQuality:1                ; more stable temporal accumulation]]
[2022.02.23-09.48.08:354][  0]LogConfig: Setting CVar [[r.DOF.Kernel.MaxForegroundRadius:0.025]]
[2022.02.23-09.48.08:354][  0]LogConfig: Setting CVar [[r.DOF.Kernel.MaxBackgroundRadius:0.025]]
[2022.02.23-09.48.08:354][  0]LogConfig: Applying CVar settings from Section [TextureQuality@3] File [C:/Users/USER/OneDrive/Desktop/game dev/game-dev-repos/Assignment1/Saved/Config/Windows/Scalability.ini]
[2022.02.23-09.48.08:354][  0]LogConfig: Setting CVar [[r.Streaming.MipBias:0]]
[2022.02.23-09.48.08:354][  0]LogConfig: Setting CVar [[r.Streaming.AmortizeCPUToGPUCopy:0]]
[2022.02.23-09.48.08:354][  0]LogConfig: Setting CVar [[r.Streaming.MaxNumTexturesToStreamPerFrame:0]]
[2022.02.23-09.48.08:354][  0]LogConfig: Setting CVar [[r.Streaming.Boost:1]]
[2022.02.23-09.48.08:354][  0]LogConfig: Setting CVar [[r.MaxAnisotropy:8]]
[2022.02.23-09.48.08:354][  0]LogConfig: Setting CVar [[r.VT.MaxAnisotropy:8]]
[2022.02.23-09.48.08:354][  0]LogConfig: Setting CVar [[r.Streaming.LimitPoolSizeToVRAM:0]]
[2022.02.23-09.48.08:354][  0]LogConfig: Setting CVar [[r.Streaming.PoolSize:1000]]
[2022.02.23-09.48.08:355][  0]LogConfig: Setting CVar [[r.Streaming.MaxEffectiveScreenSize:0]]
[2022.02.23-09.48.08:355][  0]LogConfig: Applying CVar settings from Section [EffectsQuality@3] File [C:/Users/USER/OneDrive/Desktop/game dev/game-dev-repos/Assignment1/Saved/Config/Windows/Scalability.ini]
[2022.02.23-09.48.08:355][  0]LogConfig: Setting CVar [[r.TranslucencyLightingVolumeDim:64]]
[2022.02.23-09.48.08:355][  0]LogConfig: Setting CVar [[r.RefractionQuality:2]]
[2022.02.23-09.48.08:355][  0]LogConfig: Setting CVar [[r.SSR.Quality:3]]
[2022.02.23-09.48.08:355][  0]LogConfig: Setting CVar [[r.SSR.HalfResSceneColor:0]]
[2022.02.23-09.48.08:355][  0]LogConfig: Setting CVar [[r.SceneColorFormat:4]]
[2022.02.23-09.48.08:355][  0]LogConfig: Setting CVar [[r.DetailMode:2]]
[2022.02.23-09.48.08:355][  0]LogConfig: Setting CVar [[r.TranslucencyVolumeBlur:1]]
[2022.02.23-09.48.08:355][  0]LogConfig: Setting CVar [[r.MaterialQualityLevel:1 ; High quality]]
[2022.02.23-09.48.08:355][  0]LogConfig: Setting CVar [[r.AnisotropicMaterials:1]]
[2022.02.23-09.48.08:355][  0]LogConfig: Setting CVar [[r.SSS.Scale:1]]
[2022.02.23-09.48.08:355][  0]LogConfig: Setting CVar [[r.SSS.SampleSet:2]]
[2022.02.23-09.48.08:355][  0]LogConfig: Setting CVar [[r.SSS.Quality:1]]
[2022.02.23-09.48.08:356][  0]LogConfig: Setting CVar [[r.SSS.HalfRes:0]]
[2022.02.23-09.48.08:356][  0]LogConfig: Setting CVar [[r.SSGI.Quality:3]]
[2022.02.23-09.48.08:356][  0]LogConfig: Setting CVar [[r.EmitterSpawnRateScale:1.0]]
[2022.02.23-09.48.08:356][  0]LogConfig: Setting CVar [[r.ParticleLightQuality:2]]
[2022.02.23-09.48.08:356][  0]LogConfig: Setting CVar [[r.SkyAtmosphere.AerialPerspectiveLUT.FastApplyOnOpaque:1 ; Always have FastSkyLUT 1 in this case to avoid wrong sky]]
[2022.02.23-09.48.08:356][  0]LogConfig: Setting CVar [[r.SkyAtmosphere.AerialPerspectiveLUT.SampleCountMaxPerSlice:4]]
[2022.02.23-09.48.08:356][  0]LogConfig: Setting CVar [[r.SkyAtmosphere.AerialPerspectiveLUT.DepthResolution:16.0]]
[2022.02.23-09.48.08:356][  0]LogConfig: Setting CVar [[r.SkyAtmosphere.FastSkyLUT:1]]
[2022.02.23-09.48.08:356][  0]LogConfig: Setting CVar [[r.SkyAtmosphere.FastSkyLUT.SampleCountMin:4.0]]
[2022.02.23-09.48.08:356][  0]LogConfig: Setting CVar [[r.SkyAtmosphere.FastSkyLUT.SampleCountMax:128.0]]
[2022.02.23-09.48.08:356][  0]LogConfig: Setting CVar [[r.SkyAtmosphere.SampleCountMin:4.0]]
[2022.02.23-09.48.08:356][  0]LogConfig: Setting CVar [[r.SkyAtmosphere.SampleCountMax:128.0]]
[2022.02.23-09.48.08:356][  0]LogConfig: Setting CVar [[r.SkyAtmosphere.TransmittanceLUT.UseSmallFormat:0]]
[2022.02.23-09.48.08:356][  0]LogConfig: Setting CVar [[r.SkyAtmosphere.TransmittanceLUT.SampleCount:10.0]]
[2022.02.23-09.48.08:357][  0]LogConfig: Setting CVar [[r.SkyAtmosphere.MultiScatteringLUT.SampleCount:15.0]]
[2022.02.23-09.48.08:357][  0]LogConfig: Setting CVar [[r.SkyLight.RealTimeReflectionCapture:1]]
[2022.02.23-09.48.08:357][  0]LogConfig: Applying CVar settings from Section [FoliageQuality@3] File [C:/Users/USER/OneDrive/Desktop/game dev/game-dev-repos/Assignment1/Saved/Config/Windows/Scalability.ini]
[2022.02.23-09.48.08:357][  0]LogConfig: Setting CVar [[foliage.DensityScale:1.0]]
[2022.02.23-09.48.08:357][  0]LogConfig: Setting CVar [[grass.DensityScale:1.0]]
[2022.02.23-09.48.08:357][  0]LogConfig: Applying CVar settings from Section [ShadingQuality@3] File [C:/Users/USER/OneDrive/Desktop/game dev/game-dev-repos/Assignment1/Saved/Config/Windows/Scalability.ini]
[2022.02.23-09.48.08:357][  0]LogConfig: Setting CVar [[r.HairStrands.SkyLighting.IntegrationType:2]]
[2022.02.23-09.48.08:357][  0]LogConfig: Setting CVar [[r.HairStrands.SkyAO.SampleCount:4]]
[2022.02.23-09.48.08:357][  0]LogConfig: Setting CVar [[r.HairStrands.Visibility.MSAA.SamplePerPixel:4]]
[2022.02.23-09.48.08:357][  0]LogInit: Selected Device Profile: [Windows]
[2022.02.23-09.48.08:357][  0]LogInit: Applying CVar settings loaded from the selected device profile: [Windows]
[2022.02.23-09.48.08:358][  0]LogHAL: Display: Platform has ~ 16 GB [16992178176 / 17179869184 / 16], which maps to Larger [LargestMinGB=32, LargerMinGB=12, DefaultMinGB=8, SmallerMinGB=6, SmallestMinGB=0)
[2022.02.23-09.48.08:358][  0]LogInit: Going up to parent DeviceProfile []
[2022.02.23-09.48.08:358][  0]LogConfig: Applying CVar settings from Section [ViewDistanceQuality@3] File [C:/Users/USER/OneDrive/Desktop/game dev/game-dev-repos/Assignment1/Saved/Config/Windows/Scalability.ini]
[2022.02.23-09.48.08:358][  0]LogConfig: Setting CVar [[r.SkeletalMeshLODBias:0]]
[2022.02.23-09.48.08:358][  0]LogConfig: Setting CVar [[r.ViewDistanceScale:1.0]]
[2022.02.23-09.48.08:358][  0]LogConfig: Applying CVar settings from Section [AntiAliasingQuality@3] File [C:/Users/USER/OneDrive/Desktop/game dev/game-dev-repos/Assignment1/Saved/Config/Windows/Scalability.ini]
[2022.02.23-09.48.08:358][  0]LogConfig: Setting CVar [[r.PostProcessAAQuality:4]]
[2022.02.23-09.48.08:358][  0]LogConfig: Applying CVar settings from Section [ShadowQuality@3] File [C:/Users/USER/OneDrive/Desktop/game dev/game-dev-repos/Assignment1/Saved/Config/Windows/Scalability.ini]
[2022.02.23-09.48.08:358][  0]LogConfig: Setting CVar [[r.LightFunctionQuality:1]]
[2022.02.23-09.48.08:359][  0]LogConfig: Setting CVar [[r.ShadowQuality:5]]
[2022.02.23-09.48.08:359][  0]LogConfig: Setting CVar [[r.Shadow.CSM.MaxCascades:10]]
[2022.02.23-09.48.08:359][  0]LogConfig: Setting CVar [[r.Shadow.MaxResolution:2048]]
[2022.02.23-09.48.08:359][  0]LogConfig: Setting CVar [[r.Shadow.MaxCSMResolution:2048]]
[2022.02.23-09.48.08:359][  0]LogConfig: Setting CVar [[r.Shadow.RadiusThreshold:0.01]]
[2022.02.23-09.48.08:359][  0]LogConfig: Setting CVar [[r.Shadow.DistanceScale:1.0]]
[2022.02.23-09.48.08:359][  0]LogConfig: Setting CVar [[r.Shadow.CSM.TransitionScale:1.0]]
[2022.02.23-09.48.08:359][  0]LogConfig: Setting CVar [[r.Shadow.PreShadowResolutionFactor:1.0]]
[2022.02.23-09.48.08:359][  0]LogConfig: Setting CVar [[r.DistanceFieldShadowing:1]]
[2022.02.23-09.48.08:359][  0]LogConfig: Setting CVar [[r.DistanceFieldAO:1]]
[2022.02.23-09.48.08:359][  0]LogConfig: Setting CVar [[r.AOQuality:2]]
[2022.02.23-09.48.08:359][  0]LogConfig: Setting CVar [[r.VolumetricFog:1]]
[2022.02.23-09.48.08:359][  0]LogConfig: Setting CVar [[r.VolumetricFog.GridPixelSize:8]]
[2022.02.23-09.48.08:359][  0]LogConfig: Setting CVar [[r.VolumetricFog.GridSizeZ:128]]
[2022.02.23-09.48.08:359][  0]LogConfig: Setting CVar [[r.VolumetricFog.HistoryMissSupersampleCount:4]]
[2022.02.23-09.48.08:359][  0]LogConfig: Setting CVar [[r.LightMaxDrawDistanceScale:1]]
[2022.02.23-09.48.08:360][  0]LogConfig: Setting CVar [[r.CapsuleShadows:1]]
[2022.02.23-09.48.08:360][  0]LogConfig: Applying CVar settings from Section [PostProcessQuality@3] File [C:/Users/USER/OneDrive/Desktop/game dev/game-dev-repos/Assignment1/Saved/Config/Windows/Scalability.ini]
[2022.02.23-09.48.08:360][  0]LogConfig: Setting CVar [[r.MotionBlurQuality:4]]
[2022.02.23-09.48.08:360][  0]LogConfig: Setting CVar [[r.AmbientOcclusionMipLevelFactor:0.4]]
[2022.02.23-09.48.08:360][  0]LogConfig: Setting CVar [[r.AmbientOcclusionMaxQuality:100]]
[2022.02.23-09.48.08:360][  0]LogConfig: Setting CVar [[r.AmbientOcclusionLevels:-1]]
[2022.02.23-09.48.08:360][  0]LogConfig: Setting CVar [[r.AmbientOcclusionRadiusScale:1.0]]
[2022.02.23-09.48.08:360][  0]LogConfig: Setting CVar [[r.DepthOfFieldQuality:2]]
[2022.02.23-09.48.08:360][  0]LogConfig: Setting CVar [[r.RenderTargetPoolMin:400]]
[2022.02.23-09.48.08:360][  0]LogConfig: Setting CVar [[r.LensFlareQuality:2]]
[2022.02.23-09.48.08:360][  0]LogConfig: Setting CVar [[r.SceneColorFringeQuality:1]]
[2022.02.23-09.48.08:361][  0]LogConfig: Setting CVar [[r.EyeAdaptationQuality:2]]
[2022.02.23-09.48.08:361][  0]LogConfig: Setting CVar [[r.BloomQuality:5]]
[2022.02.23-09.48.08:361][  0]LogConfig: Setting CVar [[r.FastBlurThreshold:100]]
[2022.02.23-09.48.08:361][  0]LogConfig: Setting CVar [[r.Upscale.Quality:3]]
[2022.02.23-09.48.08:361][  0]LogConfig: Setting CVar [[r.Tonemapper.GrainQuantization:1]]
[2022.02.23-09.48.08:361][  0]LogConfig: Setting CVar [[r.LightShaftQuality:1]]
[2022.02.23-09.48.08:361][  0]LogConfig: Setting CVar [[r.Filter.SizeScale:1]]
[2022.02.23-09.48.08:361][  0]LogConfig: Setting CVar [[r.Tonemapper.Quality:5]]
[2022.02.23-09.48.08:361][  0]LogConfig: Setting CVar [[r.DOF.Gather.AccumulatorQuality:1        ; higher gathering accumulator quality]]
[2022.02.23-09.48.08:361][  0]LogConfig: Setting CVar [[r.DOF.Gather.PostfilterMethod:1          ; Median3x3 postfilering method]]
[2022.02.23-09.48.08:361][  0]LogConfig: Setting CVar [[r.DOF.Gather.EnableBokehSettings:0       ; no bokeh simulation when gathering]]
[2022.02.23-09.48.08:361][  0]LogConfig: Setting CVar [[r.DOF.Gather.RingCount:4                 ; medium number of samples when gathering]]
[2022.02.23-09.48.08:361][  0]LogConfig: Setting CVar [[r.DOF.Scatter.ForegroundCompositing:1    ; additive foreground scattering]]
[2022.02.23-09.48.08:361][  0]LogConfig: Setting CVar [[r.DOF.Scatter.BackgroundCompositing:2    ; additive background scattering]]
[2022.02.23-09.48.08:362][  0]LogConfig: Setting CVar [[r.DOF.Scatter.EnableBokehSettings:1      ; bokeh simulation when scattering]]
[2022.02.23-09.48.08:362][  0]LogConfig: Setting CVar [[r.DOF.Scatter.MaxSpriteRatio:0.1         ; only a maximum of 10% of scattered bokeh]]
[2022.02.23-09.48.08:362][  0]LogConfig: Setting CVar [[r.DOF.Recombine.Quality:1                ; cheap slight out of focus]]
[2022.02.23-09.48.08:362][  0]LogConfig: Setting CVar [[r.DOF.Recombine.EnableBokehSettings:0    ; no bokeh simulation on slight out of focus]]
[2022.02.23-09.48.08:362][  0]LogConfig: Setting CVar [[r.DOF.TemporalAAQuality:1                ; more stable temporal accumulation]]
[2022.02.23-09.48.08:362][  0]LogConfig: Setting CVar [[r.DOF.Kernel.MaxForegroundRadius:0.025]]
[2022.02.23-09.48.08:362][  0]LogConfig: Setting CVar [[r.DOF.Kernel.MaxBackgroundRadius:0.025]]
[2022.02.23-09.48.08:362][  0]LogConfig: Applying CVar settings from Section [TextureQuality@3] File [C:/Users/USER/OneDrive/Desktop/game dev/game-dev-repos/Assignment1/Saved/Config/Windows/Scalability.ini]
[2022.02.23-09.48.08:362][  0]LogConfig: Setting CVar [[r.Streaming.MipBias:0]]
[2022.02.23-09.48.08:362][  0]LogConfig: Setting CVar [[r.Streaming.AmortizeCPUToGPUCopy:0]]
[2022.02.23-09.48.08:362][  0]LogConfig: Setting CVar [[r.Streaming.MaxNumTexturesToStreamPerFrame:0]]
[2022.02.23-09.48.08:362][  0]LogConfig: Setting CVar [[r.Streaming.Boost:1]]
[2022.02.23-09.48.08:362][  0]LogConfig: Setting CVar [[r.MaxAnisotropy:8]]
[2022.02.23-09.48.08:362][  0]LogConfig: Setting CVar [[r.VT.MaxAnisotropy:8]]
[2022.02.23-09.48.08:363][  0]LogConfig: Setting CVar [[r.Streaming.LimitPoolSizeToVRAM:0]]
[2022.02.23-09.48.08:363][  0]LogConfig: Setting CVar [[r.Streaming.PoolSize:1000]]
[2022.02.23-09.48.08:363][  0]LogConfig: Setting CVar [[r.Streaming.MaxEffectiveScreenSize:0]]
[2022.02.23-09.48.08:363][  0]LogConfig: Applying CVar settings from Section [EffectsQuality@3] File [C:/Users/USER/OneDrive/Desktop/game dev/game-dev-repos/Assignment1/Saved/Config/Windows/Scalability.ini]
[2022.02.23-09.48.08:363][  0]LogConfig: Setting CVar [[r.TranslucencyLightingVolumeDim:64]]
[2022.02.23-09.48.08:363][  0]LogConfig: Setting CVar [[r.RefractionQuality:2]]
[2022.02.23-09.48.08:363][  0]LogConfig: Setting CVar [[r.SSR.Quality:3]]
[2022.02.23-09.48.08:363][  0]LogConfig: Setting CVar [[r.SSR.HalfResSceneColor:0]]
[2022.02.23-09.48.08:363][  0]LogConfig: Setting CVar [[r.SceneColorFormat:4]]
[2022.02.23-09.48.08:363][  0]LogConfig: Setting CVar [[r.DetailMode:2]]
[2022.02.23-09.48.08:363][  0]LogConfig: Setting CVar [[r.TranslucencyVolumeBlur:1]]
[2022.02.23-09.48.08:363][  0]LogConfig: Setting CVar [[r.MaterialQualityLevel:1 ; High quality]]
[2022.02.23-09.48.08:363][  0]LogConfig: Setting CVar [[r.AnisotropicMaterials:1]]
[2022.02.23-09.48.08:364][  0]LogConfig: Setting CVar [[r.SSS.Scale:1]]
[2022.02.23-09.48.08:364][  0]LogConfig: Setting CVar [[r.SSS.SampleSet:2]]
[2022.02.23-09.48.08:364][  0]LogConfig: Setting CVar [[r.SSS.Quality:1]]
[2022.02.23-09.48.08:364][  0]LogConfig: Setting CVar [[r.SSS.HalfRes:0]]
[2022.02.23-09.48.08:364][  0]LogConfig: Setting CVar [[r.SSGI.Quality:3]]
[2022.02.23-09.48.08:364][  0]LogConfig: Setting CVar [[r.EmitterSpawnRateScale:1.0]]
[2022.02.23-09.48.08:364][  0]LogConfig: Setting CVar [[r.ParticleLightQuality:2]]
[2022.02.23-09.48.08:364][  0]LogConfig: Setting CVar [[r.SkyAtmosphere.AerialPerspectiveLUT.FastApplyOnOpaque:1 ; Always have FastSkyLUT 1 in this case to avoid wrong sky]]
[2022.02.23-09.48.08:364][  0]LogConfig: Setting CVar [[r.SkyAtmosphere.AerialPerspectiveLUT.SampleCountMaxPerSlice:4]]
[2022.02.23-09.48.08:364][  0]LogConfig: Setting CVar [[r.SkyAtmosphere.AerialPerspectiveLUT.DepthResolution:16.0]]
[2022.02.23-09.48.08:364][  0]LogConfig: Setting CVar [[r.SkyAtmosphere.FastSkyLUT:1]]
[2022.02.23-09.48.08:364][  0]LogConfig: Setting CVar [[r.SkyAtmosphere.FastSkyLUT.SampleCountMin:4.0]]
[2022.02.23-09.48.08:364][  0]LogConfig: Setting CVar [[r.SkyAtmosphere.FastSkyLUT.SampleCountMax:128.0]]
[2022.02.23-09.48.08:364][  0]LogConfig: Setting CVar [[r.SkyAtmosphere.SampleCountMin:4.0]]
[2022.02.23-09.48.08:364][  0]LogConfig: Setting CVar [[r.SkyAtmosphere.SampleCountMax:128.0]]
[2022.02.23-09.48.08:365][  0]LogConfig: Setting CVar [[r.SkyAtmosphere.TransmittanceLUT.UseSmallFormat:0]]
[2022.02.23-09.48.08:365][  0]LogConfig: Setting CVar [[r.SkyAtmosphere.TransmittanceLUT.SampleCount:10.0]]
[2022.02.23-09.48.08:365][  0]LogConfig: Setting CVar [[r.SkyAtmosphere.MultiScatteringLUT.SampleCount:15.0]]
[2022.02.23-09.48.08:365][  0]LogConfig: Setting CVar [[r.SkyLight.RealTimeReflectionCapture:1]]
[2022.02.23-09.48.08:365][  0]LogConfig: Applying CVar settings from Section [FoliageQuality@3] File [C:/Users/USER/OneDrive/Desktop/game dev/game-dev-repos/Assignment1/Saved/Config/Windows/Scalability.ini]
[2022.02.23-09.48.08:365][  0]LogConfig: Setting CVar [[foliage.DensityScale:1.0]]
[2022.02.23-09.48.08:365][  0]LogConfig: Setting CVar [[grass.DensityScale:1.0]]
[2022.02.23-09.48.08:366][  0]LogConfig: Applying CVar settings from Section [ShadingQuality@3] File [C:/Users/USER/OneDrive/Desktop/game dev/game-dev-repos/Assignment1/Saved/Config/Windows/Scalability.ini]
[2022.02.23-09.48.08:366][  0]LogConfig: Setting CVar [[r.HairStrands.SkyLighting.IntegrationType:2]]
[2022.02.23-09.48.08:366][  0]LogConfig: Setting CVar [[r.HairStrands.SkyAO.SampleCount:4]]
[2022.02.23-09.48.08:366][  0]LogConfig: Setting CVar [[r.HairStrands.Visibility.MSAA.SamplePerPixel:4]]
[2022.02.23-09.48.08:366][  0]LogConfig: Applying CVar settings from Section [Startup] File [../../../Engine/Config/ConsoleVariables.ini]
[2022.02.23-09.48.08:367][  0]LogConfig: Setting CVar [[net.UseAdaptiveNetUpdateFrequency:0]]
[2022.02.23-09.48.08:367][  0]LogConfig: Setting CVar [[p.chaos.AllowCreatePhysxBodies:1]]
[2022.02.23-09.48.08:367][  0]LogConfig: Setting CVar [[fx.SkipVectorVMBackendOptimizations:1]]
[2022.02.23-09.48.08:367][  0]LogConfig: Applying CVar settings from Section [ConsoleVariables] File [C:/Users/USER/OneDrive/Desktop/game dev/game-dev-repos/Assignment1/Saved/Config/Windows/Engine.ini]
[2022.02.23-09.48.08:367][  0]LogConfig: Applying CVar settings from Section [ConsoleVariables] File [C:/Users/USER/OneDrive/Desktop/game dev/game-dev-repos/Assignment1/Saved/Config/Windows/Editor.ini]
[2022.02.23-09.48.08:368][  0]LogInit: Computer: JLK
[2022.02.23-09.48.08:368][  0]LogInit: User: USER
[2022.02.23-09.48.08:368][  0]LogInit: CPU Page size=4096, Cores=6
[2022.02.23-09.48.08:368][  0]LogInit: High frequency timer resolution =10.000000 MHz
[2022.02.23-09.48.08:368][  0]LogMemory: Memory total: Physical=15.8GB (16GB approx)
[2022.02.23-09.48.08:368][  0]LogMemory: Platform Memory Stats for Windows
[2022.02.23-09.48.08:368][  0]LogMemory: Process Physical Memory: 152.48 MB used, 152.48 MB peak
[2022.02.23-09.48.08:368][  0]LogMemory: Process Virtual Memory: 127.93 MB used, 127.93 MB peak
[2022.02.23-09.48.08:369][  0]LogMemory: Physical Memory: 6795.59 MB used,  9409.42 MB free, 16205.00 MB total
[2022.02.23-09.48.08:369][  0]LogMemory: Virtual Memory: 134208680.00 MB used,  9047.04 MB free, 134217728.00 MB total
[2022.02.23-09.48.09:466][  0]LogWindows: WindowsPlatformFeatures enabled
[2022.02.23-09.48.09:950][  0]LogInit: Physics initialised using underlying interface: PhysX
[2022.02.23-09.48.09:955][  0]LogInit: Using OS detected language (en-US).
[2022.02.23-09.48.09:955][  0]LogInit: Using OS detected locale (en-US).
[2022.02.23-09.48.10:019][  0]LogTextLocalizationManager: No specific localization for 'en-US' exists, so the 'en' localization will be used.
[2022.02.23-09.48.11:427][  0]LogInit: Setting process to per monitor DPI aware
[2022.02.23-09.48.11:484][  0]LogWindowsTextInputMethodSystem: Display: IME system deactivated.
[2022.02.23-09.48.11:607][  0]LogSlate: New Slate User Created.  User Index 0, Is Virtual User: 0
[2022.02.23-09.48.11:607][  0]LogSlate: Slate User Registered.  User Index 0, Is Virtual User: 0
[2022.02.23-09.48.12:749][  0]LogD3D11RHI: Loaded GFSDK_Aftermath_Lib.x64.dll
[2022.02.23-09.48.13:020][  0]LogHMD: Failed to initialize OpenVR with code 110
[2022.02.23-09.48.13:020][  0]LogD3D11RHI: D3D11 min allowed feature level: 11_0
[2022.02.23-09.48.13:020][  0]LogD3D11RHI: D3D11 max allowed feature level: 11_0
[2022.02.23-09.48.13:020][  0]LogD3D11RHI: D3D11 adapters:
[2022.02.23-09.48.13:944][  0]LogD3D11RHI:    0. 'NVIDIA GeForce RTX 2070' (Feature Level 11_0)
[2022.02.23-09.48.13:944][  0]LogD3D11RHI:       8031/0/8102 MB DedicatedVideo/DedicatedSystem/SharedSystem, Outputs:1, VendorId:0x10de
[2022.02.23-09.48.14:648][  0]LogD3D11RHI:    1. 'Intel(R) UHD Graphics' (Feature Level 11_0)
[2022.02.23-09.48.14:648][  0]LogD3D11RHI:       128/0/8102 MB DedicatedVideo/DedicatedSystem/SharedSystem, Outputs:0, VendorId:0x8086
[2022.02.23-09.48.14:669][  0]LogD3D11RHI:    2. 'Microsoft Basic Render Driver' (Feature Level 11_0)
[2022.02.23-09.48.14:669][  0]LogD3D11RHI:       0/0/8102 MB DedicatedVideo/DedicatedSystem/SharedSystem, Outputs:0, VendorId:0x1414
[2022.02.23-09.48.14:670][  0]LogD3D11RHI: Chosen D3D11 Adapter:
[2022.02.23-09.48.14:670][  0]LogD3D11RHI:     Description : NVIDIA GeForce RTX 2070
[2022.02.23-09.48.14:670][  0]LogD3D11RHI:     VendorId    : 10de
[2022.02.23-09.48.14:670][  0]LogD3D11RHI:     DeviceId    : 1f14
[2022.02.23-09.48.14:670][  0]LogD3D11RHI:     SubSysId    : 12b81462
[2022.02.23-09.48.14:670][  0]LogD3D11RHI:     Revision    : 00a1
[2022.02.23-09.48.14:670][  0]LogD3D11RHI:     DedicatedVideoMemory : 8421113856 bytes
[2022.02.23-09.48.14:670][  0]LogD3D11RHI:     DedicatedSystemMemory : 0 bytes
[2022.02.23-09.48.14:670][  0]LogD3D11RHI:     SharedSystemMemory : 8496089088 bytes
[2022.02.23-09.48.14:670][  0]LogD3D11RHI:     AdapterLuid : 0 73131
[2022.02.23-09.48.14:702][  0]LogD3D11RHI: Creating new Direct3DDevice
[2022.02.23-09.48.14:702][  0]LogD3D11RHI:     GPU DeviceId: 0x1f14 (for the marketing name, search the web for "GPU Device Id")
[2022.02.23-09.48.14:702][  0]LogWindows: EnumDisplayDevices:
[2022.02.23-09.48.14:703][  0]LogWindows:    0. 'Intel(R) UHD Graphics' (P:1 D:1)
[2022.02.23-09.48.14:705][  0]LogWindows:    1. 'Intel(R) UHD Graphics' (P:0 D:0)
[2022.02.23-09.48.14:706][  0]LogWindows:    2. 'Intel(R) UHD Graphics' (P:0 D:0)
[2022.02.23-09.48.14:708][  0]LogWindows:    3. 'NVIDIA GeForce RTX 2070' (P:0 D:0)
[2022.02.23-09.48.14:709][  0]LogWindows:    4. 'NVIDIA GeForce RTX 2070' (P:0 D:0)
[2022.02.23-09.48.14:710][  0]LogWindows:    5. 'NVIDIA GeForce RTX 2070' (P:0 D:0)
[2022.02.23-09.48.14:711][  0]LogWindows:    6. 'NVIDIA GeForce RTX 2070' (P:0 D:0)
[2022.02.23-09.48.14:712][  0]LogWindows: DebugString: PrimaryIsNotTheChoosenAdapter PrimaryIsNotTheChoosenAdapter PrimaryIsNotTheChoosenAdapter FoundDriverCount:4 
[2022.02.23-09.48.14:712][  0]LogD3D11RHI:     Adapter Name: NVIDIA GeForce RTX 2070
[2022.02.23-09.48.14:713][  0]LogD3D11RHI:   Driver Version: 511.79 (internal:30.0.15.1179, unified:511.79)
[2022.02.23-09.48.14:713][  0]LogD3D11RHI:      Driver Date: 2-10-2022
[2022.02.23-09.48.14:713][  0]LogRHI: Texture pool is 5621 MB (70% of 8031 MB)
[2022.02.23-09.48.14:713][  0]LogD3D11RHI: Creating D3DDevice using adapter:
[2022.02.23-09.48.14:713][  0]LogD3D11RHI:     Description : NVIDIA GeForce RTX 2070
[2022.02.23-09.48.14:713][  0]LogD3D11RHI:     VendorId    : 10de
[2022.02.23-09.48.14:713][  0]LogD3D11RHI:     DeviceId    : 1f14
[2022.02.23-09.48.14:713][  0]LogD3D11RHI:     SubSysId    : 12b81462
[2022.02.23-09.48.14:713][  0]LogD3D11RHI:     Revision    : 00a1
[2022.02.23-09.48.14:713][  0]LogD3D11RHI:     DedicatedVideoMemory : 8421113856 bytes
[2022.02.23-09.48.14:713][  0]LogD3D11RHI:     DedicatedSystemMemory : 0 bytes
[2022.02.23-09.48.14:713][  0]LogD3D11RHI:     SharedSystemMemory : 8496089088 bytes
[2022.02.23-09.48.14:713][  0]LogD3D11RHI:     AdapterLuid : 0 73131
[2022.02.23-09.48.15:225][  0]LogD3D11RHI: RHI has support for 64 bit atomics
[2022.02.23-09.48.15:244][  0]LogD3D11RHI: Async texture creation enabled
[2022.02.23-09.48.15:244][  0]LogD3D11RHI: Array index from any shader is supported
[2022.02.23-09.48.15:476][  0]LogD3D11RHI: GPU Timing Frequency: 1000.000000 (Debug: 2 1)
[2022.02.23-09.48.16:101][  0]LogRHI: GeForceNow SDK initialized: 1
[2022.02.23-09.49.30:356][  0]LogTargetPlatformManager: Display: Loaded TargetPlatform 'AllDesktop'
[2022.02.23-09.49.32:159][  0]LogTargetPlatformManager: Display: Loaded TargetPlatform 'Android'
[2022.02.23-09.49.32:159][  0]LogTargetPlatformManager: Display: Loaded TargetPlatform 'Android_ASTC'
[2022.02.23-09.49.32:159][  0]LogTargetPlatformManager: Display: Loaded TargetPlatform 'Android_DXT'
[2022.02.23-09.49.32:159][  0]LogTargetPlatformManager: Display: Loaded TargetPlatform 'Android_ETC2'
[2022.02.23-09.49.32:159][  0]LogTargetPlatformManager: Display: Loaded TargetPlatform 'AndroidClient'
[2022.02.23-09.49.32:159][  0]LogTargetPlatformManager: Display: Loaded TargetPlatform 'Android_ASTCClient'
[2022.02.23-09.49.32:159][  0]LogTargetPlatformManager: Display: Loaded TargetPlatform 'Android_DXTClient'
[2022.02.23-09.49.32:159][  0]LogTargetPlatformManager: Display: Loaded TargetPlatform 'Android_ETC2Client'
[2022.02.23-09.49.32:159][  0]LogTargetPlatformManager: Display: Loaded TargetPlatform 'Android_Multi'
[2022.02.23-09.49.32:159][  0]LogTargetPlatformManager: Display: Loaded TargetPlatform 'Android_MultiClient'
[2022.02.23-09.49.32:590][  0]LogTargetPlatformManager: Display: Loaded TargetPlatform 'IOSClient'
[2022.02.23-09.49.32:590][  0]LogTargetPlatformManager: Display: Loaded TargetPlatform 'IOS'
[2022.02.23-09.49.33:146][  0]LogTargetPlatformManager: Display: Loaded TargetPlatform 'Linux'
[2022.02.23-09.49.34:077][  0]LogTargetPlatformManager: Display: Loaded TargetPlatform 'LinuxNoEditor'
[2022.02.23-09.49.38:330][  0]LogTargetPlatformManager: Display: Loaded TargetPlatform 'LinuxClient'
[2022.02.23-09.49.38:607][  0]LogTargetPlatformManager: Display: Loaded TargetPlatform 'LinuxServer'
[2022.02.23-09.49.40:039][  0]LogTargetPlatformManager: Display: Loaded TargetPlatform 'LinuxAArch64NoEditor'
[2022.02.23-09.49.40:175][  0]LogTargetPlatformManager: Display: Loaded TargetPlatform 'LinuxAArch64Client'
[2022.02.23-09.49.40:407][  0]LogTargetPlatformManager: Display: Loaded TargetPlatform 'LinuxAArch64Server'
[2022.02.23-09.49.41:011][  0]LogTargetPlatformManager: Display: Loaded TargetPlatform 'Lumin'
[2022.02.23-09.49.41:011][  0]LogTargetPlatformManager: Display: Loaded TargetPlatform 'LuminClient'
[2022.02.23-09.49.41:602][  0]LogTargetPlatformManager: Display: Loaded TargetPlatform 'MacNoEditor'
[2022.02.23-09.49.41:617][  0]LogTargetPlatformManager: Display: Loaded TargetPlatform 'Mac'
[2022.02.23-09.49.41:630][  0]LogTargetPlatformManager: Display: Loaded TargetPlatform 'MacClient'
[2022.02.23-09.49.41:644][  0]LogTargetPlatformManager: Display: Loaded TargetPlatform 'MacServer'
[2022.02.23-09.49.41:857][  0]LogTargetPlatformManager: Display: Loaded TargetPlatform 'TVOSClient'
[2022.02.23-09.49.41:859][  0]LogTargetPlatformManager: Display: Loaded TargetPlatform 'TVOS'
[2022.02.23-09.49.42:007][  0]LogTargetPlatformManager: Display: Loaded TargetPlatform 'WindowsNoEditor'
[2022.02.23-09.49.42:174][  0]LogTargetPlatformManager: Display: Loaded TargetPlatform 'Windows'
[2022.02.23-09.49.42:241][  0]LogTargetPlatformManager: Display: Loaded TargetPlatform 'WindowsClient'
[2022.02.23-09.49.42:595][  0]LogTargetPlatformManager: Display: Loaded TargetPlatform 'WindowsServer'
[2022.02.23-09.49.42:596][  0]LogTargetPlatformManager: Display: Building Assets For Windows
[2022.02.23-09.49.42:619][  0]LogAudioDebug: Display: Lib vorbis DLL was dynamically loaded.
[2022.02.23-09.49.42:709][  0]LogTextureFormatOodle: Display: Oodle Texture 2.9.0 init RDO Off
[2022.02.23-09.49.59:023][  0]LogRendererCore: Ray tracing is disabled. Reason: r.RayTracing=0.
[2022.02.23-09.49.59:024][  0]LogShaderCompilers: Guid format shader working directory is -37 characters bigger than the processId version (../../../../../../Users/USER/OneDrive/Desktop/game dev/game-dev-repos/Assignment1/Intermediate/Shaders/WorkingDirectory/10604/).
[2022.02.23-09.49.59:025][  0]LogShaderCompilers: Cleaned the shader compiler working directory 'C:/Users/USER/AppData/Local/Temp/UnrealShaderWorkingDir/92E9F9F34D132FB5B3107192C0CF8E13/'.
[2022.02.23-09.49.59:025][  0]LogXGEController: Cannot use XGE Controller as Incredibuild is not installed on this machine.
[2022.02.23-09.49.59:026][  0]LogShaderCompilers: Cannot use XGE Shader Compiler as Incredibuild is not installed on this machine.
[2022.02.23-09.49.59:026][  0]LogShaderCompilers: Display: Using Local Shader Compiler.
[2022.02.23-09.50.13:367][  0]LogDerivedDataCache: Display: Max Cache Size: 512 MB
[2022.02.23-09.50.13:742][  0]LogDerivedDataCache: Loaded boot cache 0.37s 94MB C:/Users/USER/AppData/Local/UnrealEngine/4.27/DerivedDataCache/Boot.ddc.
[2022.02.23-09.50.13:742][  0]LogDerivedDataCache: Display: Loaded Boot cache: C:/Users/USER/AppData/Local/UnrealEngine/4.27/DerivedDataCache/Boot.ddc
[2022.02.23-09.50.13:743][  0]LogDerivedDataCache: FDerivedDataBackendGraph:  Pak pak cache file ../../../../../../Users/USER/OneDrive/Desktop/game dev/game-dev-repos/Assignment1/DerivedDataCache/DDC.ddp not found, will not use a pak cache.
[2022.02.23-09.50.13:743][  0]LogDerivedDataCache: Unable to find inner node Pak for hierarchical cache Hierarchy.
[2022.02.23-09.50.13:743][  0]LogDerivedDataCache: FDerivedDataBackendGraph:  CompressedPak pak cache file ../../../../../../Users/USER/OneDrive/Desktop/game dev/game-dev-repos/Assignment1/DerivedDataCache/Compressed.ddp not found, will not use a pak cache.
[2022.02.23-09.50.13:743][  0]LogDerivedDataCache: Unable to find inner node CompressedPak for hierarchical cache Hierarchy.
[2022.02.23-09.50.13:848][  0]LogDerivedDataCache: Display: Pak cache opened for reading ../../../Engine/DerivedDataCache/Compressed.ddp.
[2022.02.23-09.50.13:848][  0]LogDerivedDataCache: FDerivedDataBackendGraph:  EnterprisePak pak cache file ../../../Enterprise/DerivedDataCache/Compressed.ddp not found, will not use a pak cache.
[2022.02.23-09.50.13:848][  0]LogDerivedDataCache: Unable to find inner node EnterprisePak for hierarchical cache Hierarchy.
[2022.02.23-09.50.13:894][  0]LogDerivedDataCache: Speed tests for C:/Users/USER/AppData/Local/UnrealEngine/Common/DerivedDataCache took 0.05 seconds
[2022.02.23-09.50.13:894][  0]LogDerivedDataCache: Display: Performance to C:/Users/USER/AppData/Local/UnrealEngine/Common/DerivedDataCache: Latency=0.21ms. RandomReadSpeed=174.30MBs, RandomWriteSpeed=25.04MBs. Assigned SpeedClass 'Local'
[2022.02.23-09.50.14:894][  0]LogDerivedDataCache: Using Local data cache path C:/Users/USER/AppData/Local/UnrealEngine/Common/DerivedDataCache: Writable
[2022.02.23-09.50.14:894][  0]LogDerivedDataCache: Shared data cache path not found in *engine.ini, will not use an Shared cache.
[2022.02.23-09.50.14:894][  0]LogDerivedDataCache: Unable to find inner node Shared for hierarchical cache Hierarchy.
[2022.02.23-09.50.18:896][  0]LogSlate: Using FreeType 2.10.0
[2022.02.23-09.50.18:898][  0]LogSlate: SlateFontServices - WITH_FREETYPE: 1, WITH_HARFBUZZ: 1
[2022.02.23-09.50.27:006][  0]LogAssetRegistry: FAssetRegistry took 5.4325 seconds to start up
[2022.02.23-09.50.31:804][  0]LogInit: Selected Device Profile: [Windows]
[2022.02.23-09.50.31:805][  0]LogInit: Active device profile: [00000230C3A19100][00000230B741B040 49] Windows
[2022.02.23-09.50.31:805][  0]LogInit: Profiles: [00000230C3A19100][00000230B741B040 49] Windows, [00000230C39FE500][00000230B78951C0 49] WindowsNoEditor, [00000230C3A1A200][00000230B7899340 49] WindowsServer, [00000230C39FD700][00000230B789D4C0 49] WindowsClient, [00000230C3A19700][00000230C438D640 49] IOS, [00000230C39FE700][00000230C43917C0 49] iPadAir, [00000230C3A1BC00][00000230C4395940 49] iPadAir2, [00000230C39A5400][00000230C439DC00 49] IPadPro, [00000230C39A5500][00000230C43980C0 49] iPadAir3, [00000230C39FF800][00000230C43A0240 49] iPadAir4, [00000230C39A6300][00000230C43A43C0 49] iPadMini2, [00000230C39FEF00][00000230C43A8540 49] iPadMini3, [00000230C39A6F00][00000230C43AC6C0 49] iPadMini4, [00000230C39FDC00][00000230C43B0840 49] iPadMini5, [00000230C39B9000][00000230C43B8B00 49] iPhone6, [00000230C39B9100][00000230C43B4B40 49] iPodTouch6, [00000230C3A1B900][00000230C43BCD80 49] iPhone7, [00000230C3A1A900][00000230B7890DC0 49] iPodTouch7, [00000230C39A5000][00000230C43C0F00 49] iPhone5S, [00000230C3A1AF00][00000230C43C9080 49] iPhone6Plus, [00000230C39A7600][00000230C43CD200 49] iPhone6S, [00000230C3A18C00][00000230C43D1380 49] iPhone6SPlus, [00000230C3A19D00][00000230C43D5500 49] iPhone7Plus, [00000230C39B8800][00000230C43D9680 49] iPhoneSE, [00000230C3A18400][00000230C43DD800 49] iPhone8, [00000230C39B8900][00000230C43E1980 49] iPhone8Plus, [00000230C39BAE00][00000230C43E5B00 49] iPhoneX, [00000230C39A5D00][00000230C43E8100 49] iPhoneXS, [00000230C39BA700][00000230C43EC280 49] iPhoneXSMax, [00000230C39A5C00][00000230C43F0400 49] iPhoneXR, [00000230C39BA800][00000230C43F4580 49] iPhone11, [00000230C39A4F00][00000230C43F8700 49] iPhone11Pro, [00000230C39B8B00][00000230C43FC880 49] iPhone11ProMax, [00000230C39A4D00][00000230C4400A00 49] iPhoneSE2, [00000230C39B8E00][00000230C4404B80 49] iPhone12Mini, [00000230C3A1B800][00000230C4408D00 49] iPhone12, [00000230C39BB000][00000230C43C4E40 49] iPhone12Pro, [00000230C3A1B700][00000230C440CF80 49] iPhone12ProMax, [00000230C39B9E00][00000230C44110C0 49] iPadPro105, [00000230C3A19300][00000230C4419240 49] iPadPro129, [00000230C39BBE00][00000230C441D3C0 49] iPadPro97, [00000230C3A19C00][00000230C4421540 49] iPadPro2_129, [00000230C39BA000][00000230C44256C0 49] iPad5, [00000230C3A1A300][00000230C4429840 49] iPad6, [00000230C39BBB00][00000230C442D9C0 49] iPad7, [00000230C3A19E00][00000230C4431B40 49] iPad8, [00000230C39B8A00][00000230C4434140 49] iPadPro11, [00000230C3A1A600][00000230C44382C0 49] iPadPro2_11, [00000230C39B8F00][00000230C443C440 49] iPadPro3_129, [00000230C3A1A800][00000230C44405C0 49] iPadPro4_129, [00000230C39BBC00][00000230C4444740 49] AppleTV, [00000230C3A19A00][00000230C44488C0 49] AppleTV4K, [00000230C39BA600][00000230C444CA40 49] TVOS, [00000230C3A1A100][00000230C4450BC0 49] Mac, [00000230C39BAF00][00000230C4454D40 49] MacClient, [00000230C3A1AA00][00000230C4458EC0 49] MacNoEditor, [00000230C39BAC00][00000230C4415000 49] MacServer, [00000230C3A1B000][00000230C445D140 49] Linux, [00000230C39B8400][00000230C4461280 49] LinuxAArch64, [00000230C3A18700][00000230C44653C0 49] LinuxNoEditor, [00000230C39BB700][00000230C446D540 49] LinuxAArch64NoEditor, [00000230C3A1BB00][00000230C44716C0 49] LinuxClient, [00000230C39BB400][00000230C4475840 49] LinuxAArch64Client, [00000230C3A1BE00][00000230C44799C0 49] LinuxServer, [00000230C39B8700][00000230C447DB40 49] LinuxAArch64Server, [00000230C3A19F00][00000230C4480140 49] Android, [00000230C39BAA00][00000230C44842C0 49] Android_Low, [00000230C3A1AD00][00000230C4488440 49] Android_Mid, [00000230C39B9F00][00000230C448C5C0 49] Android_High, [00000230C3A1AB00][00000230C4490740 49] Android_Default, [00000230C39B8100][00000230C44948C0 49] Android_Adreno4xx, [00000230C3A18500][00000230C4498A40 49] Android_Adreno5xx_Low, [00000230C39B9400][00000230C449CBC0 49] Android_Adreno5xx, [00000230C3A1B400][00000230C44A0D40 49] Android_Adreno6xx, [00000230C39BA300][00000230C44A4EC0 49] Android_Adreno6xx_Vulkan, [00000230C3A1BD00][00000230C44A9040 49] Android_Mali_T6xx, [00000230C39B8200][00000230C4469180 49] Android_Mali_T7xx, [00000230C3A1B600][00000230C44AD2C0 49] Android_Mali_T8xx, [00000230C39BB200][00000230C44B1400 49] Android_Mali_G71, [00000230C39A7100][00000230C44B5540 49] Android_Mali_G72, [00000230C39FED00][00000230C44BD6C0 49] Android_Mali_G72_Vulkan, [00000230C39A6B00][00000230C44C1840 49] Android_Mali_G76, [00000230C39FC500][00000230C44C59C0 49] Android_Mali_G76_Vulkan, [00000230C39A4C00][00000230C44C9B40 49] Android_Mali_G77, [00000230C39FC600][00000230C44CC140 49] Android_Mali_G77_Vulkan, [00000230C39A6400][00000230C44D02C0 49] Android_Mali_G78, [00000230C39FCD00][00000230C44D4440 49] Android_Mali_G78_Vulkan, [00000230C39A7D00][00000230C44D85C0 49] Android_Mali_G710, [00000230C39FE900][00000230C44DC740 49] Android_Mali_G710_Vulkan, [00000230C39A6A00][00000230C44F08C0 49] Android_Vulkan_SM5, [00000230C39FD800][00000230C44F4A40 49] Android_PowerVR_G6xxx, [00000230C39A4500][00000230C44F8BC0 49] Android_PowerVR_GT7xxx, [00000230C39FC200][00000230C44FCD40 49] Android_PowerVR_GE8xxx, [00000230C39A7B00][00000230C4500EC0 49] Android_PowerVR_GM9xxx, [00000230C39FDF00][00000230C4505040 49] Android_PowerVR_GM9xxx_Vulkan, [00000230C39A5F00][00000230C45091C0 49] Android_TegraK1, [00000230C39FCA00][00000230C450D340 49] Android_Unknown_Vulkan, [00000230C39A7900][00000230C44B9480 49] Lumin, [00000230C39FD100][00000230C45115C0 49] Lumin_Desktop, [00000230C39A6000][00000230C4515700 49] HoloLens, 
[2022.02.23-09.50.40:406][  0]LogMeshReduction: Using QuadricMeshReduction for automatic static mesh reduction
[2022.02.23-09.50.40:406][  0]LogMeshReduction: Using SimplygonMeshReduction for automatic skeletal mesh reduction
[2022.02.23-09.50.40:407][  0]LogMeshReduction: Using ProxyLODMeshReduction for automatic mesh merging
[2022.02.23-09.50.40:407][  0]LogMeshReduction: No distributed automatic mesh merging module available
[2022.02.23-09.50.40:407][  0]LogMeshMerging: No distributed automatic mesh merging module available
[2022.02.23-09.50.41:617][  0]LogNetVersion: Assignment1 1.0.0, NetCL: 17155196, EngineNetVer: 17, GameNetVer: 0 (Checksum: 446919168)
[2022.02.23-09.51.33:063][  0]LogTexture: Default maximum texture size for cubemaps generated from long-lat sources has been changed from 512 to unlimited. In order to preserve old behaiour for '/Engine/MapTemplates/Sky/DaylightAmbientCubemap.DaylightAmbientCubemap', its maximum texture size has been explicitly set to 512.
[2022.02.23-09.51.48:642][  0]LogHMD: PokeAHoleMaterial loaded successfully
[2022.02.23-09.51.49:358][  0]LogUObjectArray: 17178 objects as part of root set at end of initial load.
[2022.02.23-09.51.49:359][  0]LogUObjectAllocator: 4302048 out of 0 bytes used by permanent object pool.
[2022.02.23-09.51.49:359][  0]LogUObjectArray: CloseDisregardForGC: 0/0 objects in disregard for GC pool
[2022.02.23-09.52.14:320][  0]LogTcpMessaging: Initializing TcpMessaging bridge
[2022.02.23-09.52.23:803][  0]LogUdpMessaging: Initializing bridge on interface 0.0.0.0:0 to multicast group 230.0.0.1:6666.
[2022.02.23-09.52.33:025][  0]LogAssetRegistry: Error: Failed to open file for write ../../../../../../Users/USER/OneDrive/Desktop/game dev/game-dev-repos/Assignment1/Intermediate/CachedAssetRegistry.bin.tmp
